09:21:09.607 INFO  --- [main] c.l.example.ShoppingmallApplication : Starting ShoppingmallApplication using Java 15.0.1 on DESKTOP-PQ5J03J with PID 1088 (C:\Users\l4-morning\Documents\work10\shoppingmall\bin\main started by l4-morning in C:\Users\l4-morning\Documents\work10\shoppingmall) 
09:21:09.611 DEBUG --- [main] c.l.example.ShoppingmallApplication : Running with Spring Boot v2.6.2, Spring v5.3.14 
09:21:09.611 INFO  --- [main] c.l.example.ShoppingmallApplication : The following profiles are active: local 
09:21:11.136 DEBUG --- [main] c.l.example.config.AuthTokenFilter : Filter 'authenticationJwtTokenFilter' configured for use 
09:21:11.605 INFO  --- [main] c.l.example.ShoppingmallApplication : Started ShoppingmallApplication in 2.353 seconds (JVM running for 2.888) 
09:28:24.898 ERROR --- [http-nio-9010-exec-6] c.l.example.config.JwtUtils : Invalid JWT token: JWT strings must contain exactly 2 period characters. Found: 0 
10:03:58.556 INFO  --- [main] c.l.example.ShoppingmallApplication : Starting ShoppingmallApplication using Java 15.0.1 on DESKTOP-PQ5J03J with PID 8064 (C:\Users\l4-morning\Documents\work10\shoppingmall\bin\main started by l4-morning in C:\Users\l4-morning\Documents\work10\shoppingmall) 
10:03:58.558 DEBUG --- [main] c.l.example.ShoppingmallApplication : Running with Spring Boot v2.6.2, Spring v5.3.14 
10:03:58.558 INFO  --- [main] c.l.example.ShoppingmallApplication : The following profiles are active: local 
10:04:00.005 DEBUG --- [main] c.l.example.config.AuthTokenFilter : Filter 'authenticationJwtTokenFilter' configured for use 
10:04:00.383 INFO  --- [main] c.l.example.ShoppingmallApplication : Started ShoppingmallApplication in 2.157 seconds (JVM running for 2.723) 
10:04:04.329 ERROR --- [http-nio-9010-exec-2] c.l.example.config.JwtUtils : Invalid JWT token: JWT strings must contain exactly 2 period characters. Found: 0 
10:04:20.493 DEBUG --- [http-nio-9010-exec-3] c.l.e.mapper.KakaoMapper.findKakao : ==>  Preparing: select * from kakao_user where k_name = ? and k_email = ? 
10:04:20.511 DEBUG --- [http-nio-9010-exec-3] c.l.e.mapper.KakaoMapper.findKakao : ==> Parameters: 천은정(String), cjsdmswjd010@naver.com(String) 
10:04:20.528 DEBUG --- [http-nio-9010-exec-3] c.l.e.mapper.KakaoMapper.findKakao : <==      Total: 0 
10:04:20.529 DEBUG --- [http-nio-9010-exec-3] c.l.e.m.KakaoMapper.insertKakao : ==>  Preparing: insert into kakao_user (k_name, k_email) values (?, ?) 
10:04:20.529 DEBUG --- [http-nio-9010-exec-3] c.l.e.m.KakaoMapper.insertKakao : ==> Parameters: 천은정(String), cjsdmswjd010@naver.com(String) 
10:04:20.538 DEBUG --- [http-nio-9010-exec-3] c.l.e.m.KakaoMapper.insertKakao : <==    Updates: 1 
10:04:20.538 DEBUG --- [http-nio-9010-exec-3] c.l.e.mapper.KakaoMapper.findKakao : ==>  Preparing: select * from kakao_user where k_name = ? and k_email = ? 
10:04:20.539 DEBUG --- [http-nio-9010-exec-3] c.l.e.mapper.KakaoMapper.findKakao : ==> Parameters: 천은정(String), cjsdmswjd010@naver.com(String) 
10:04:20.539 TRACE --- [http-nio-9010-exec-3] c.l.e.mapper.KakaoMapper.findKakao : <==    Columns: k_number, k_name, k_email 
10:04:20.539 TRACE --- [http-nio-9010-exec-3] c.l.e.mapper.KakaoMapper.findKakao : <==        Row: 1, 천은정, cjsdmswjd010@naver.com 
10:04:20.544 DEBUG --- [http-nio-9010-exec-3] c.l.e.mapper.KakaoMapper.findKakao : <==      Total: 1 
10:21:37.022 INFO  --- [main] c.l.example.ShoppingmallApplication : Starting ShoppingmallApplication using Java 15.0.1 on DESKTOP-PQ5J03J with PID 16444 (C:\Users\l4-morning\Documents\work10\shoppingmall\bin\main started by l4-morning in C:\Users\l4-morning\Documents\work10\shoppingmall) 
10:21:37.024 DEBUG --- [main] c.l.example.ShoppingmallApplication : Running with Spring Boot v2.6.2, Spring v5.3.14 
10:21:37.024 INFO  --- [main] c.l.example.ShoppingmallApplication : The following profiles are active: local 
10:21:38.451 DEBUG --- [main] c.l.example.config.AuthTokenFilter : Filter 'authenticationJwtTokenFilter' configured for use 
10:21:38.849 INFO  --- [main] c.l.example.ShoppingmallApplication : Started ShoppingmallApplication in 2.156 seconds (JVM running for 2.628) 
10:21:53.654 DEBUG --- [http-nio-9010-exec-2] c.l.e.mapper.KakaoMapper.findKakao : ==>  Preparing: select * from kakao_user where k_name = ? and k_email = ? 
10:21:53.670 DEBUG --- [http-nio-9010-exec-2] c.l.e.mapper.KakaoMapper.findKakao : ==> Parameters: 천은정(String), cjsdmswjd010@naver.com(String) 
10:21:53.688 TRACE --- [http-nio-9010-exec-2] c.l.e.mapper.KakaoMapper.findKakao : <==    Columns: k_number, k_name, k_email 
10:21:53.688 TRACE --- [http-nio-9010-exec-2] c.l.e.mapper.KakaoMapper.findKakao : <==        Row: 1, 천은정, cjsdmswjd010@naver.com 
10:21:53.692 DEBUG --- [http-nio-9010-exec-2] c.l.e.mapper.KakaoMapper.findKakao : <==      Total: 1 
10:24:45.250 DEBUG --- [http-nio-9010-exec-4] c.l.e.mapper.KakaoMapper.findKakao : ==>  Preparing: select * from kakao_user where k_name = ? and k_email = ? 
10:24:45.250 DEBUG --- [http-nio-9010-exec-4] c.l.e.mapper.KakaoMapper.findKakao : ==> Parameters: null, null 
10:24:45.253 DEBUG --- [http-nio-9010-exec-4] c.l.e.mapper.KakaoMapper.findKakao : <==      Total: 0 
10:24:45.254 DEBUG --- [http-nio-9010-exec-4] c.l.e.m.KakaoMapper.insertKakao : ==>  Preparing: insert into kakao_user (k_name, k_email) values (?, ?) 
10:24:45.254 DEBUG --- [http-nio-9010-exec-4] c.l.e.m.KakaoMapper.insertKakao : ==> Parameters: null, null 
10:24:45.257 DEBUG --- [http-nio-9010-exec-4] c.l.e.m.KakaoMapper.insertKakao : <==    Updates: 1 
10:24:45.258 DEBUG --- [http-nio-9010-exec-4] c.l.e.mapper.KakaoMapper.findKakao : ==>  Preparing: select * from kakao_user where k_name = ? and k_email = ? 
10:24:45.258 DEBUG --- [http-nio-9010-exec-4] c.l.e.mapper.KakaoMapper.findKakao : ==> Parameters: null, null 
10:24:45.259 DEBUG --- [http-nio-9010-exec-4] c.l.e.mapper.KakaoMapper.findKakao : <==      Total: 0 
10:25:41.154 DEBUG --- [http-nio-9010-exec-5] c.l.e.mapper.KakaoMapper.findKakao : ==>  Preparing: select * from kakao_user where k_name = ? and k_email = ? 
10:25:41.154 DEBUG --- [http-nio-9010-exec-5] c.l.e.mapper.KakaoMapper.findKakao : ==> Parameters: null, null 
10:25:41.154 DEBUG --- [http-nio-9010-exec-5] c.l.e.mapper.KakaoMapper.findKakao : <==      Total: 0 
10:25:41.155 DEBUG --- [http-nio-9010-exec-5] c.l.e.m.KakaoMapper.insertKakao : ==>  Preparing: insert into kakao_user (k_name, k_email) values (?, ?) 
10:25:41.155 DEBUG --- [http-nio-9010-exec-5] c.l.e.m.KakaoMapper.insertKakao : ==> Parameters: null, null 
10:25:41.164 DEBUG --- [http-nio-9010-exec-5] c.l.e.m.KakaoMapper.insertKakao : <==    Updates: 1 
10:25:41.164 DEBUG --- [http-nio-9010-exec-5] c.l.e.mapper.KakaoMapper.findKakao : ==>  Preparing: select * from kakao_user where k_name = ? and k_email = ? 
10:25:41.164 DEBUG --- [http-nio-9010-exec-5] c.l.e.mapper.KakaoMapper.findKakao : ==> Parameters: null, null 
10:25:41.165 DEBUG --- [http-nio-9010-exec-5] c.l.e.mapper.KakaoMapper.findKakao : <==      Total: 0 
10:33:45.468 DEBUG --- [http-nio-9010-exec-7] c.l.e.mapper.KakaoMapper.findKakao : ==>  Preparing: select * from kakao_user where k_name = ? and k_email = ? 
10:33:45.468 DEBUG --- [http-nio-9010-exec-7] c.l.e.mapper.KakaoMapper.findKakao : ==> Parameters: null, null 
10:33:45.469 DEBUG --- [http-nio-9010-exec-7] c.l.e.mapper.KakaoMapper.findKakao : <==      Total: 0 
10:33:45.469 DEBUG --- [http-nio-9010-exec-7] c.l.e.m.KakaoMapper.insertKakao : ==>  Preparing: insert into kakao_user (k_name, k_email) values (?, ?) 
10:33:45.470 DEBUG --- [http-nio-9010-exec-7] c.l.e.m.KakaoMapper.insertKakao : ==> Parameters: null, null 
10:33:45.473 DEBUG --- [http-nio-9010-exec-7] c.l.e.m.KakaoMapper.insertKakao : <==    Updates: 1 
10:33:45.474 DEBUG --- [http-nio-9010-exec-7] c.l.e.mapper.KakaoMapper.findKakao : ==>  Preparing: select * from kakao_user where k_name = ? and k_email = ? 
10:33:45.474 DEBUG --- [http-nio-9010-exec-7] c.l.e.mapper.KakaoMapper.findKakao : ==> Parameters: null, null 
10:33:45.477 DEBUG --- [http-nio-9010-exec-7] c.l.e.mapper.KakaoMapper.findKakao : <==      Total: 0 
10:33:59.615 INFO  --- [main] c.l.example.ShoppingmallApplication : Starting ShoppingmallApplication using Java 15.0.1 on DESKTOP-PQ5J03J with PID 18396 (C:\Users\l4-morning\Documents\work10\shoppingmall\bin\main started by l4-morning in C:\Users\l4-morning\Documents\work10\shoppingmall) 
10:33:59.616 DEBUG --- [main] c.l.example.ShoppingmallApplication : Running with Spring Boot v2.6.2, Spring v5.3.14 
10:33:59.616 INFO  --- [main] c.l.example.ShoppingmallApplication : The following profiles are active: local 
10:34:01.015 DEBUG --- [main] c.l.example.config.AuthTokenFilter : Filter 'authenticationJwtTokenFilter' configured for use 
10:34:01.397 INFO  --- [main] c.l.example.ShoppingmallApplication : Started ShoppingmallApplication in 2.111 seconds (JVM running for 2.584) 
10:34:53.348 DEBUG --- [http-nio-9010-exec-2] c.l.e.mapper.KakaoMapper.findKakao : ==>  Preparing: select * from kakao_user where k_name = ? and k_email = ? 
10:34:53.365 DEBUG --- [http-nio-9010-exec-2] c.l.e.mapper.KakaoMapper.findKakao : ==> Parameters: 천은정(String), cjsdmswjd010@naver.com(String) 
10:34:53.382 TRACE --- [http-nio-9010-exec-2] c.l.e.mapper.KakaoMapper.findKakao : <==    Columns: k_number, k_name, k_email 
10:34:53.382 TRACE --- [http-nio-9010-exec-2] c.l.e.mapper.KakaoMapper.findKakao : <==        Row: 1, 천은정, cjsdmswjd010@naver.com 
10:34:53.386 DEBUG --- [http-nio-9010-exec-2] c.l.e.mapper.KakaoMapper.findKakao : <==      Total: 1 
10:35:32.289 DEBUG --- [http-nio-9010-exec-4] c.l.e.mapper.KakaoMapper.findKakao : ==>  Preparing: select * from kakao_user where k_name = ? and k_email = ? 
10:35:32.289 DEBUG --- [http-nio-9010-exec-4] c.l.e.mapper.KakaoMapper.findKakao : ==> Parameters: 천은정(String), cjsdmswjd010@naver.com(String) 
10:35:32.290 TRACE --- [http-nio-9010-exec-4] c.l.e.mapper.KakaoMapper.findKakao : <==    Columns: k_number, k_name, k_email 
10:35:32.290 TRACE --- [http-nio-9010-exec-4] c.l.e.mapper.KakaoMapper.findKakao : <==        Row: 1, 천은정, cjsdmswjd010@naver.com 
10:35:32.290 DEBUG --- [http-nio-9010-exec-4] c.l.e.mapper.KakaoMapper.findKakao : <==      Total: 1 
10:39:13.813 DEBUG --- [http-nio-9010-exec-7] c.l.e.mapper.KakaoMapper.findKakao : ==>  Preparing: select * from kakao_user where k_name = ? and k_email = ? 
10:39:13.813 DEBUG --- [http-nio-9010-exec-7] c.l.e.mapper.KakaoMapper.findKakao : ==> Parameters: 천은정(String), cjsdmswjd010@naver.com(String) 
10:39:13.814 TRACE --- [http-nio-9010-exec-7] c.l.e.mapper.KakaoMapper.findKakao : <==    Columns: k_number, k_name, k_email 
10:39:13.814 TRACE --- [http-nio-9010-exec-7] c.l.e.mapper.KakaoMapper.findKakao : <==        Row: 1, 천은정, cjsdmswjd010@naver.com 
10:39:13.814 DEBUG --- [http-nio-9010-exec-7] c.l.e.mapper.KakaoMapper.findKakao : <==      Total: 1 
10:48:54.375 DEBUG --- [http-nio-9010-exec-10] c.l.e.mapper.KakaoMapper.findKakao : ==>  Preparing: select * from kakao_user where k_name = ? and k_email = ? 
10:48:54.376 DEBUG --- [http-nio-9010-exec-10] c.l.e.mapper.KakaoMapper.findKakao : ==> Parameters: 천은정(String), cjsdmswjd010@naver.com(String) 
10:48:54.376 TRACE --- [http-nio-9010-exec-10] c.l.e.mapper.KakaoMapper.findKakao : <==    Columns: k_number, k_name, k_email 
10:48:54.376 TRACE --- [http-nio-9010-exec-10] c.l.e.mapper.KakaoMapper.findKakao : <==        Row: 1, 천은정, cjsdmswjd010@naver.com 
10:48:54.377 DEBUG --- [http-nio-9010-exec-10] c.l.e.mapper.KakaoMapper.findKakao : <==      Total: 1 
10:51:01.249 DEBUG --- [http-nio-9010-exec-3] c.l.e.mapper.KakaoMapper.findKakao : ==>  Preparing: select * from kakao_user where k_name = ? and k_email = ? 
10:51:01.249 DEBUG --- [http-nio-9010-exec-3] c.l.e.mapper.KakaoMapper.findKakao : ==> Parameters: 천은정(String), cjsdmswjd010@naver.com(String) 
10:51:01.251 TRACE --- [http-nio-9010-exec-3] c.l.e.mapper.KakaoMapper.findKakao : <==    Columns: k_number, k_name, k_email 
10:51:01.251 TRACE --- [http-nio-9010-exec-3] c.l.e.mapper.KakaoMapper.findKakao : <==        Row: 1, 천은정, cjsdmswjd010@naver.com 
10:51:01.251 DEBUG --- [http-nio-9010-exec-3] c.l.e.mapper.KakaoMapper.findKakao : <==      Total: 1 
10:52:49.418 DEBUG --- [http-nio-9010-exec-5] c.l.e.mapper.KakaoMapper.findKakao : ==>  Preparing: select * from kakao_user where k_name = ? and k_email = ? 
10:52:49.418 DEBUG --- [http-nio-9010-exec-5] c.l.e.mapper.KakaoMapper.findKakao : ==> Parameters: 천은정(String), cjsdmswjd010@naver.com(String) 
10:52:49.419 TRACE --- [http-nio-9010-exec-5] c.l.e.mapper.KakaoMapper.findKakao : <==    Columns: k_number, k_name, k_email 
10:52:49.419 TRACE --- [http-nio-9010-exec-5] c.l.e.mapper.KakaoMapper.findKakao : <==        Row: 1, 천은정, cjsdmswjd010@naver.com 
10:52:49.419 DEBUG --- [http-nio-9010-exec-5] c.l.e.mapper.KakaoMapper.findKakao : <==      Total: 1 
10:56:47.446 INFO  --- [main] c.l.e.ShoppingmallApplicationTests : Starting ShoppingmallApplicationTests using Java 15.0.1 on DESKTOP-PQ5J03J with PID 15124 (started by l4-morning in C:\Users\l4-morning\Documents\work10\shoppingmall) 
10:56:47.447 DEBUG --- [main] c.l.e.ShoppingmallApplicationTests : Running with Spring Boot v2.6.2, Spring v5.3.14 
10:56:47.447 INFO  --- [main] c.l.e.ShoppingmallApplicationTests : The following profiles are active: local 
10:56:49.718 INFO  --- [main] c.l.e.ShoppingmallApplicationTests : Started ShoppingmallApplicationTests in 2.568 seconds (JVM running for 3.78) 
10:57:02.953 INFO  --- [main] c.l.example.ShoppingmallApplication : Starting ShoppingmallApplication using Java 15.0.1 on DESKTOP-PQ5J03J with PID 10176 (C:\Users\l4-morning\Documents\work10\shoppingmall\bin\main started by l4-morning in C:\Users\l4-morning\Documents\work10\shoppingmall) 
10:57:02.954 DEBUG --- [main] c.l.example.ShoppingmallApplication : Running with Spring Boot v2.6.2, Spring v5.3.14 
10:57:02.955 INFO  --- [main] c.l.example.ShoppingmallApplication : The following profiles are active: local 
10:57:04.305 DEBUG --- [main] c.l.example.config.AuthTokenFilter : Filter 'authenticationJwtTokenFilter' configured for use 
10:57:04.677 INFO  --- [main] c.l.example.ShoppingmallApplication : Started ShoppingmallApplication in 2.046 seconds (JVM running for 2.512) 
10:57:21.130 DEBUG --- [http-nio-9010-exec-1] c.l.e.mapper.KakaoMapper.findKakao : ==>  Preparing: select * from kakao_user where k_name = ? and k_email = ? 
10:57:21.150 DEBUG --- [http-nio-9010-exec-1] c.l.e.mapper.KakaoMapper.findKakao : ==> Parameters: 천은정(String), cjsdmswjd010@naver.com(String) 
10:57:21.166 TRACE --- [http-nio-9010-exec-1] c.l.e.mapper.KakaoMapper.findKakao : <==    Columns: k_number, k_name, k_email 
10:57:21.166 TRACE --- [http-nio-9010-exec-1] c.l.e.mapper.KakaoMapper.findKakao : <==        Row: 1, 천은정, cjsdmswjd010@naver.com 
10:57:21.170 DEBUG --- [http-nio-9010-exec-1] c.l.e.mapper.KakaoMapper.findKakao : <==      Total: 1 
10:59:27.611 INFO  --- [main] c.l.example.ShoppingmallApplication : Starting ShoppingmallApplication using Java 15.0.1 on DESKTOP-PQ5J03J with PID 11524 (C:\Users\l4-morning\Documents\work10\shoppingmall\bin\main started by l4-morning in C:\Users\l4-morning\Documents\work10\shoppingmall) 
10:59:27.613 DEBUG --- [main] c.l.example.ShoppingmallApplication : Running with Spring Boot v2.6.2, Spring v5.3.14 
10:59:27.613 INFO  --- [main] c.l.example.ShoppingmallApplication : The following profiles are active: local 
10:59:28.978 DEBUG --- [main] c.l.example.config.AuthTokenFilter : Filter 'authenticationJwtTokenFilter' configured for use 
10:59:29.329 WARN  --- [main] o.s.b.w.s.c.AnnotationConfigServletWebServerApplicationContext : Exception encountered during context initialization - cancelling refresh attempt: org.springframework.context.ApplicationContextException: Failed to start bean 'webServerStartStop'; nested exception is org.springframework.boot.web.server.PortInUseException: Port 9010 is already in use 
10:59:29.356 ERROR --- [main] o.s.b.d.LoggingFailureAnalysisReporter : 

***************************
APPLICATION FAILED TO START
***************************

Description:

Web server failed to start. Port 9010 was already in use.

Action:

Identify and stop the process that's listening on port 9010 or configure this application to listen on another port.
 
10:59:45.121 INFO  --- [main] c.l.example.ShoppingmallApplication : Starting ShoppingmallApplication using Java 15.0.1 on DESKTOP-PQ5J03J with PID 19200 (C:\Users\l4-morning\Documents\work10\shoppingmall\bin\main started by l4-morning in C:\Users\l4-morning\Documents\work10\shoppingmall) 
10:59:45.122 DEBUG --- [main] c.l.example.ShoppingmallApplication : Running with Spring Boot v2.6.2, Spring v5.3.14 
10:59:45.123 INFO  --- [main] c.l.example.ShoppingmallApplication : The following profiles are active: local 
10:59:46.481 DEBUG --- [main] c.l.example.config.AuthTokenFilter : Filter 'authenticationJwtTokenFilter' configured for use 
10:59:46.871 INFO  --- [main] c.l.example.ShoppingmallApplication : Started ShoppingmallApplication in 2.073 seconds (JVM running for 2.538) 
11:00:02.651 DEBUG --- [http-nio-9010-exec-1] c.l.e.mapper.KakaoMapper.findKakao : ==>  Preparing: select * from kakao_user where k_name = ? and k_email = ? 
11:00:02.662 DEBUG --- [http-nio-9010-exec-1] c.l.e.mapper.KakaoMapper.findKakao : ==> Parameters: 천은정(String), null 
11:00:02.678 DEBUG --- [http-nio-9010-exec-1] c.l.e.mapper.KakaoMapper.findKakao : <==      Total: 0 
11:00:02.679 DEBUG --- [http-nio-9010-exec-1] c.l.e.m.KakaoMapper.insertKakao : ==>  Preparing: insert into kakao_user (k_name, k_email) values (?, ?) 
11:00:02.679 DEBUG --- [http-nio-9010-exec-1] c.l.e.m.KakaoMapper.insertKakao : ==> Parameters: 천은정(String), null 
11:00:02.687 DEBUG --- [http-nio-9010-exec-1] c.l.e.m.KakaoMapper.insertKakao : <==    Updates: 1 
11:00:02.687 DEBUG --- [http-nio-9010-exec-1] c.l.e.mapper.KakaoMapper.findKakao : ==>  Preparing: select * from kakao_user where k_name = ? and k_email = ? 
11:00:02.687 DEBUG --- [http-nio-9010-exec-1] c.l.e.mapper.KakaoMapper.findKakao : ==> Parameters: 천은정(String), null 
11:00:02.689 DEBUG --- [http-nio-9010-exec-1] c.l.e.mapper.KakaoMapper.findKakao : <==      Total: 0 
11:03:53.822 DEBUG --- [http-nio-9010-exec-3] c.l.e.mapper.KakaoMapper.findKakao : ==>  Preparing: select * from kakao_user where k_name = ? and k_email = ? 
11:03:53.822 DEBUG --- [http-nio-9010-exec-3] c.l.e.mapper.KakaoMapper.findKakao : ==> Parameters: null, null 
11:03:53.823 DEBUG --- [http-nio-9010-exec-3] c.l.e.mapper.KakaoMapper.findKakao : <==      Total: 0 
11:03:53.823 DEBUG --- [http-nio-9010-exec-3] c.l.e.m.KakaoMapper.insertKakao : ==>  Preparing: insert into kakao_user (k_name, k_email) values (?, ?) 
11:03:53.823 DEBUG --- [http-nio-9010-exec-3] c.l.e.m.KakaoMapper.insertKakao : ==> Parameters: null, null 
11:03:53.825 DEBUG --- [http-nio-9010-exec-3] c.l.e.m.KakaoMapper.insertKakao : <==    Updates: 1 
11:03:53.825 DEBUG --- [http-nio-9010-exec-3] c.l.e.mapper.KakaoMapper.findKakao : ==>  Preparing: select * from kakao_user where k_name = ? and k_email = ? 
11:03:53.825 DEBUG --- [http-nio-9010-exec-3] c.l.e.mapper.KakaoMapper.findKakao : ==> Parameters: null, null 
11:03:53.826 DEBUG --- [http-nio-9010-exec-3] c.l.e.mapper.KakaoMapper.findKakao : <==      Total: 0 
11:04:23.042 DEBUG --- [http-nio-9010-exec-4] c.l.e.mapper.KakaoMapper.findKakao : ==>  Preparing: select * from kakao_user where k_name = ? and k_email = ? 
11:04:23.042 DEBUG --- [http-nio-9010-exec-4] c.l.e.mapper.KakaoMapper.findKakao : ==> Parameters: 천은정(String), null 
11:04:23.043 DEBUG --- [http-nio-9010-exec-4] c.l.e.mapper.KakaoMapper.findKakao : <==      Total: 0 
11:04:23.043 DEBUG --- [http-nio-9010-exec-4] c.l.e.m.KakaoMapper.insertKakao : ==>  Preparing: insert into kakao_user (k_name, k_email) values (?, ?) 
11:04:23.044 DEBUG --- [http-nio-9010-exec-4] c.l.e.m.KakaoMapper.insertKakao : ==> Parameters: 천은정(String), null 
11:04:23.045 DEBUG --- [http-nio-9010-exec-4] c.l.e.m.KakaoMapper.insertKakao : <==    Updates: 1 
11:04:23.045 DEBUG --- [http-nio-9010-exec-4] c.l.e.mapper.KakaoMapper.findKakao : ==>  Preparing: select * from kakao_user where k_name = ? and k_email = ? 
11:04:23.046 DEBUG --- [http-nio-9010-exec-4] c.l.e.mapper.KakaoMapper.findKakao : ==> Parameters: 천은정(String), null 
11:04:23.046 DEBUG --- [http-nio-9010-exec-4] c.l.e.mapper.KakaoMapper.findKakao : <==      Total: 0 
11:09:21.397 INFO  --- [main] c.l.example.ShoppingmallApplication : Starting ShoppingmallApplication using Java 15.0.1 on DESKTOP-PQ5J03J with PID 19724 (C:\Users\l4-morning\Documents\work10\shoppingmall\bin\main started by l4-morning in C:\Users\l4-morning\Documents\work10\shoppingmall) 
11:09:21.399 DEBUG --- [main] c.l.example.ShoppingmallApplication : Running with Spring Boot v2.6.2, Spring v5.3.14 
11:09:21.399 INFO  --- [main] c.l.example.ShoppingmallApplication : The following profiles are active: local 
11:09:22.766 DEBUG --- [main] c.l.example.config.AuthTokenFilter : Filter 'authenticationJwtTokenFilter' configured for use 
11:09:23.149 INFO  --- [main] c.l.example.ShoppingmallApplication : Started ShoppingmallApplication in 2.077 seconds (JVM running for 2.553) 
11:09:40.392 ERROR --- [http-nio-9010-exec-1] o.a.c.c.C.[.[.[.[dispatcherServlet] : Servlet.service() for servlet [dispatcherServlet] in context with path [] threw exception [Request processing failed; nested exception is java.lang.NullPointerException: Cannot invoke "com.google.gson.JsonElement.getAsString()" because the return value of "com.google.gson.JsonObject.get(String)" is null] with root cause 
java.lang.NullPointerException: Cannot invoke "com.google.gson.JsonElement.getAsString()" because the return value of "com.google.gson.JsonObject.get(String)" is null
	at com.lcomputerstudy.example.service.KakaoLoginServiceImpl.getUserInfo(KakaoLoginServiceImpl.java:115)
	at com.lcomputerstudy.example.controller.PublicController.kakaoLogin(PublicController.java:33)
	at java.base/jdk.internal.reflect.NativeMethodAccessorImpl.invoke0(Native Method)
	at java.base/jdk.internal.reflect.NativeMethodAccessorImpl.invoke(NativeMethodAccessorImpl.java:64)
	at java.base/jdk.internal.reflect.DelegatingMethodAccessorImpl.invoke(DelegatingMethodAccessorImpl.java:43)
	at java.base/java.lang.reflect.Method.invoke(Method.java:564)
	at org.springframework.web.method.support.InvocableHandlerMethod.doInvoke(InvocableHandlerMethod.java:205)
	at org.springframework.web.method.support.InvocableHandlerMethod.invokeForRequest(InvocableHandlerMethod.java:150)
	at org.springframework.web.servlet.mvc.method.annotation.ServletInvocableHandlerMethod.invokeAndHandle(ServletInvocableHandlerMethod.java:117)
	at org.springframework.web.servlet.mvc.method.annotation.RequestMappingHandlerAdapter.invokeHandlerMethod(RequestMappingHandlerAdapter.java:895)
	at org.springframework.web.servlet.mvc.method.annotation.RequestMappingHandlerAdapter.handleInternal(RequestMappingHandlerAdapter.java:808)
	at org.springframework.web.servlet.mvc.method.AbstractHandlerMethodAdapter.handle(AbstractHandlerMethodAdapter.java:87)
	at org.springframework.web.servlet.DispatcherServlet.doDispatch(DispatcherServlet.java:1067)
	at org.springframework.web.servlet.DispatcherServlet.doService(DispatcherServlet.java:963)
	at org.springframework.web.servlet.FrameworkServlet.processRequest(FrameworkServlet.java:1006)
	at org.springframework.web.servlet.FrameworkServlet.doGet(FrameworkServlet.java:898)
	at javax.servlet.http.HttpServlet.service(HttpServlet.java:655)
	at org.springframework.web.servlet.FrameworkServlet.service(FrameworkServlet.java:883)
	at javax.servlet.http.HttpServlet.service(HttpServlet.java:764)
	at org.apache.catalina.core.ApplicationFilterChain.internalDoFilter(ApplicationFilterChain.java:227)
	at org.apache.catalina.core.ApplicationFilterChain.doFilter(ApplicationFilterChain.java:162)
	at org.apache.tomcat.websocket.server.WsFilter.doFilter(WsFilter.java:53)
	at org.apache.catalina.core.ApplicationFilterChain.internalDoFilter(ApplicationFilterChain.java:189)
	at org.apache.catalina.core.ApplicationFilterChain.doFilter(ApplicationFilterChain.java:162)
	at org.springframework.web.filter.OncePerRequestFilter.doFilter(OncePerRequestFilter.java:111)
	at org.apache.catalina.core.ApplicationFilterChain.internalDoFilter(ApplicationFilterChain.java:189)
	at org.apache.catalina.core.ApplicationFilterChain.doFilter(ApplicationFilterChain.java:162)
	at org.springframework.security.web.FilterChainProxy$VirtualFilterChain.doFilter(FilterChainProxy.java:327)
	at org.springframework.security.web.access.intercept.FilterSecurityInterceptor.invoke(FilterSecurityInterceptor.java:115)
	at org.springframework.security.web.access.intercept.FilterSecurityInterceptor.doFilter(FilterSecurityInterceptor.java:81)
	at org.springframework.security.web.FilterChainProxy$VirtualFilterChain.doFilter(FilterChainProxy.java:336)
	at org.springframework.security.web.access.ExceptionTranslationFilter.doFilter(ExceptionTranslationFilter.java:122)
	at org.springframework.security.web.access.ExceptionTranslationFilter.doFilter(ExceptionTranslationFilter.java:116)
	at org.springframework.security.web.FilterChainProxy$VirtualFilterChain.doFilter(FilterChainProxy.java:336)
	at org.springframework.security.web.session.SessionManagementFilter.doFilter(SessionManagementFilter.java:126)
	at org.springframework.security.web.session.SessionManagementFilter.doFilter(SessionManagementFilter.java:81)
	at org.springframework.security.web.FilterChainProxy$VirtualFilterChain.doFilter(FilterChainProxy.java:336)
	at org.springframework.security.web.authentication.AnonymousAuthenticationFilter.doFilter(AnonymousAuthenticationFilter.java:109)
	at org.springframework.security.web.FilterChainProxy$VirtualFilterChain.doFilter(FilterChainProxy.java:336)
	at org.springframework.security.web.servletapi.SecurityContextHolderAwareRequestFilter.doFilter(SecurityContextHolderAwareRequestFilter.java:149)
	at org.springframework.security.web.FilterChainProxy$VirtualFilterChain.doFilter(FilterChainProxy.java:336)
	at org.springframework.security.web.savedrequest.RequestCacheAwareFilter.doFilter(RequestCacheAwareFilter.java:63)
	at org.springframework.security.web.FilterChainProxy$VirtualFilterChain.doFilter(FilterChainProxy.java:336)
	at com.lcomputerstudy.example.config.AuthTokenFilter.doFilterInternal(AuthTokenFilter.java:65)
	at org.springframework.web.filter.OncePerRequestFilter.doFilter(OncePerRequestFilter.java:117)
	at org.springframework.security.web.FilterChainProxy$VirtualFilterChain.doFilter(FilterChainProxy.java:336)
	at org.springframework.security.web.authentication.logout.LogoutFilter.doFilter(LogoutFilter.java:103)
	at org.springframework.security.web.authentication.logout.LogoutFilter.doFilter(LogoutFilter.java:89)
	at org.springframework.security.web.FilterChainProxy$VirtualFilterChain.doFilter(FilterChainProxy.java:336)
	at org.springframework.web.filter.CorsFilter.doFilterInternal(CorsFilter.java:91)
	at org.springframework.web.filter.OncePerRequestFilter.doFilter(OncePerRequestFilter.java:117)
	at org.springframework.security.web.FilterChainProxy$VirtualFilterChain.doFilter(FilterChainProxy.java:336)
	at org.springframework.security.web.header.HeaderWriterFilter.doHeadersAfter(HeaderWriterFilter.java:90)
	at org.springframework.security.web.header.HeaderWriterFilter.doFilterInternal(HeaderWriterFilter.java:75)
	at org.springframework.web.filter.OncePerRequestFilter.doFilter(OncePerRequestFilter.java:117)
	at org.springframework.security.web.FilterChainProxy$VirtualFilterChain.doFilter(FilterChainProxy.java:336)
	at org.springframework.security.web.context.SecurityContextPersistenceFilter.doFilter(SecurityContextPersistenceFilter.java:110)
	at org.springframework.security.web.context.SecurityContextPersistenceFilter.doFilter(SecurityContextPersistenceFilter.java:80)
	at org.springframework.security.web.FilterChainProxy$VirtualFilterChain.doFilter(FilterChainProxy.java:336)
	at org.springframework.security.web.context.request.async.WebAsyncManagerIntegrationFilter.doFilterInternal(WebAsyncManagerIntegrationFilter.java:55)
	at org.springframework.web.filter.OncePerRequestFilter.doFilter(OncePerRequestFilter.java:117)
	at org.springframework.security.web.FilterChainProxy$VirtualFilterChain.doFilter(FilterChainProxy.java:336)
	at org.springframework.security.web.FilterChainProxy.doFilterInternal(FilterChainProxy.java:211)
	at org.springframework.security.web.FilterChainProxy.doFilter(FilterChainProxy.java:183)
	at org.springframework.web.filter.DelegatingFilterProxy.invokeDelegate(DelegatingFilterProxy.java:354)
	at org.springframework.web.filter.DelegatingFilterProxy.doFilter(DelegatingFilterProxy.java:267)
	at org.apache.catalina.core.ApplicationFilterChain.internalDoFilter(ApplicationFilterChain.java:189)
	at org.apache.catalina.core.ApplicationFilterChain.doFilter(ApplicationFilterChain.java:162)
	at org.springframework.session.web.http.SessionRepositoryFilter.doFilterInternal(SessionRepositoryFilter.java:142)
	at org.springframework.session.web.http.OncePerRequestFilter.doFilter(OncePerRequestFilter.java:82)
	at org.apache.catalina.core.ApplicationFilterChain.internalDoFilter(ApplicationFilterChain.java:189)
	at org.apache.catalina.core.ApplicationFilterChain.doFilter(ApplicationFilterChain.java:162)
	at org.springframework.web.filter.CharacterEncodingFilter.doFilterInternal(CharacterEncodingFilter.java:201)
	at org.springframework.web.filter.OncePerRequestFilter.doFilter(OncePerRequestFilter.java:117)
	at org.apache.catalina.core.ApplicationFilterChain.internalDoFilter(ApplicationFilterChain.java:189)
	at org.apache.catalina.core.ApplicationFilterChain.doFilter(ApplicationFilterChain.java:162)
	at org.apache.catalina.core.StandardWrapperValve.invoke(StandardWrapperValve.java:197)
	at org.apache.catalina.core.StandardContextValve.invoke(StandardContextValve.java:97)
	at org.apache.catalina.authenticator.AuthenticatorBase.invoke(AuthenticatorBase.java:540)
	at org.apache.catalina.core.StandardHostValve.invoke(StandardHostValve.java:135)
	at org.apache.catalina.valves.ErrorReportValve.invoke(ErrorReportValve.java:92)
	at org.apache.catalina.core.StandardEngineValve.invoke(StandardEngineValve.java:78)
	at org.apache.catalina.connector.CoyoteAdapter.service(CoyoteAdapter.java:357)
	at org.apache.coyote.http11.Http11Processor.service(Http11Processor.java:382)
	at org.apache.coyote.AbstractProcessorLight.process(AbstractProcessorLight.java:65)
	at org.apache.coyote.AbstractProtocol$ConnectionHandler.process(AbstractProtocol.java:895)
	at org.apache.tomcat.util.net.NioEndpoint$SocketProcessor.doRun(NioEndpoint.java:1732)
	at org.apache.tomcat.util.net.SocketProcessorBase.run(SocketProcessorBase.java:49)
	at org.apache.tomcat.util.threads.ThreadPoolExecutor.runWorker(ThreadPoolExecutor.java:1191)
	at org.apache.tomcat.util.threads.ThreadPoolExecutor$Worker.run(ThreadPoolExecutor.java:659)
	at org.apache.tomcat.util.threads.TaskThread$WrappingRunnable.run(TaskThread.java:61)
	at java.base/java.lang.Thread.run(Thread.java:832)
11:10:19.247 DEBUG --- [http-nio-9010-exec-2] c.l.e.mapper.KakaoMapper.findKakao : ==>  Preparing: select * from kakao_user where k_name = ? and k_email = ? 
11:10:19.256 DEBUG --- [http-nio-9010-exec-2] c.l.e.mapper.KakaoMapper.findKakao : ==> Parameters: null, null 
11:10:19.271 DEBUG --- [http-nio-9010-exec-2] c.l.e.mapper.KakaoMapper.findKakao : <==      Total: 0 
11:10:24.928 DEBUG --- [http-nio-9010-exec-4] c.l.e.mapper.KakaoMapper.findKakao : ==>  Preparing: select * from kakao_user where k_name = ? and k_email = ? 
11:10:24.928 DEBUG --- [http-nio-9010-exec-4] c.l.e.mapper.KakaoMapper.findKakao : ==> Parameters: null, null 
11:10:24.929 DEBUG --- [http-nio-9010-exec-4] c.l.e.mapper.KakaoMapper.findKakao : <==      Total: 0 
11:10:34.768 ERROR --- [http-nio-9010-exec-5] o.a.c.c.C.[.[.[.[dispatcherServlet] : Servlet.service() for servlet [dispatcherServlet] in context with path [] threw exception [Request processing failed; nested exception is java.lang.NullPointerException: Cannot invoke "com.google.gson.JsonElement.getAsString()" because the return value of "com.google.gson.JsonObject.get(String)" is null] with root cause 
java.lang.NullPointerException: Cannot invoke "com.google.gson.JsonElement.getAsString()" because the return value of "com.google.gson.JsonObject.get(String)" is null
	at com.lcomputerstudy.example.service.KakaoLoginServiceImpl.getUserInfo(KakaoLoginServiceImpl.java:115)
	at com.lcomputerstudy.example.controller.PublicController.kakaoLogin(PublicController.java:33)
	at java.base/jdk.internal.reflect.NativeMethodAccessorImpl.invoke0(Native Method)
	at java.base/jdk.internal.reflect.NativeMethodAccessorImpl.invoke(NativeMethodAccessorImpl.java:64)
	at java.base/jdk.internal.reflect.DelegatingMethodAccessorImpl.invoke(DelegatingMethodAccessorImpl.java:43)
	at java.base/java.lang.reflect.Method.invoke(Method.java:564)
	at org.springframework.web.method.support.InvocableHandlerMethod.doInvoke(InvocableHandlerMethod.java:205)
	at org.springframework.web.method.support.InvocableHandlerMethod.invokeForRequest(InvocableHandlerMethod.java:150)
	at org.springframework.web.servlet.mvc.method.annotation.ServletInvocableHandlerMethod.invokeAndHandle(ServletInvocableHandlerMethod.java:117)
	at org.springframework.web.servlet.mvc.method.annotation.RequestMappingHandlerAdapter.invokeHandlerMethod(RequestMappingHandlerAdapter.java:895)
	at org.springframework.web.servlet.mvc.method.annotation.RequestMappingHandlerAdapter.handleInternal(RequestMappingHandlerAdapter.java:808)
	at org.springframework.web.servlet.mvc.method.AbstractHandlerMethodAdapter.handle(AbstractHandlerMethodAdapter.java:87)
	at org.springframework.web.servlet.DispatcherServlet.doDispatch(DispatcherServlet.java:1067)
	at org.springframework.web.servlet.DispatcherServlet.doService(DispatcherServlet.java:963)
	at org.springframework.web.servlet.FrameworkServlet.processRequest(FrameworkServlet.java:1006)
	at org.springframework.web.servlet.FrameworkServlet.doGet(FrameworkServlet.java:898)
	at javax.servlet.http.HttpServlet.service(HttpServlet.java:655)
	at org.springframework.web.servlet.FrameworkServlet.service(FrameworkServlet.java:883)
	at javax.servlet.http.HttpServlet.service(HttpServlet.java:764)
	at org.apache.catalina.core.ApplicationFilterChain.internalDoFilter(ApplicationFilterChain.java:227)
	at org.apache.catalina.core.ApplicationFilterChain.doFilter(ApplicationFilterChain.java:162)
	at org.apache.tomcat.websocket.server.WsFilter.doFilter(WsFilter.java:53)
	at org.apache.catalina.core.ApplicationFilterChain.internalDoFilter(ApplicationFilterChain.java:189)
	at org.apache.catalina.core.ApplicationFilterChain.doFilter(ApplicationFilterChain.java:162)
	at org.springframework.web.filter.OncePerRequestFilter.doFilter(OncePerRequestFilter.java:111)
	at org.apache.catalina.core.ApplicationFilterChain.internalDoFilter(ApplicationFilterChain.java:189)
	at org.apache.catalina.core.ApplicationFilterChain.doFilter(ApplicationFilterChain.java:162)
	at org.springframework.security.web.FilterChainProxy$VirtualFilterChain.doFilter(FilterChainProxy.java:327)
	at org.springframework.security.web.access.intercept.FilterSecurityInterceptor.invoke(FilterSecurityInterceptor.java:115)
	at org.springframework.security.web.access.intercept.FilterSecurityInterceptor.doFilter(FilterSecurityInterceptor.java:81)
	at org.springframework.security.web.FilterChainProxy$VirtualFilterChain.doFilter(FilterChainProxy.java:336)
	at org.springframework.security.web.access.ExceptionTranslationFilter.doFilter(ExceptionTranslationFilter.java:122)
	at org.springframework.security.web.access.ExceptionTranslationFilter.doFilter(ExceptionTranslationFilter.java:116)
	at org.springframework.security.web.FilterChainProxy$VirtualFilterChain.doFilter(FilterChainProxy.java:336)
	at org.springframework.security.web.session.SessionManagementFilter.doFilter(SessionManagementFilter.java:126)
	at org.springframework.security.web.session.SessionManagementFilter.doFilter(SessionManagementFilter.java:81)
	at org.springframework.security.web.FilterChainProxy$VirtualFilterChain.doFilter(FilterChainProxy.java:336)
	at org.springframework.security.web.authentication.AnonymousAuthenticationFilter.doFilter(AnonymousAuthenticationFilter.java:109)
	at org.springframework.security.web.FilterChainProxy$VirtualFilterChain.doFilter(FilterChainProxy.java:336)
	at org.springframework.security.web.servletapi.SecurityContextHolderAwareRequestFilter.doFilter(SecurityContextHolderAwareRequestFilter.java:149)
	at org.springframework.security.web.FilterChainProxy$VirtualFilterChain.doFilter(FilterChainProxy.java:336)
	at org.springframework.security.web.savedrequest.RequestCacheAwareFilter.doFilter(RequestCacheAwareFilter.java:63)
	at org.springframework.security.web.FilterChainProxy$VirtualFilterChain.doFilter(FilterChainProxy.java:336)
	at com.lcomputerstudy.example.config.AuthTokenFilter.doFilterInternal(AuthTokenFilter.java:65)
	at org.springframework.web.filter.OncePerRequestFilter.doFilter(OncePerRequestFilter.java:117)
	at org.springframework.security.web.FilterChainProxy$VirtualFilterChain.doFilter(FilterChainProxy.java:336)
	at org.springframework.security.web.authentication.logout.LogoutFilter.doFilter(LogoutFilter.java:103)
	at org.springframework.security.web.authentication.logout.LogoutFilter.doFilter(LogoutFilter.java:89)
	at org.springframework.security.web.FilterChainProxy$VirtualFilterChain.doFilter(FilterChainProxy.java:336)
	at org.springframework.web.filter.CorsFilter.doFilterInternal(CorsFilter.java:91)
	at org.springframework.web.filter.OncePerRequestFilter.doFilter(OncePerRequestFilter.java:117)
	at org.springframework.security.web.FilterChainProxy$VirtualFilterChain.doFilter(FilterChainProxy.java:336)
	at org.springframework.security.web.header.HeaderWriterFilter.doHeadersAfter(HeaderWriterFilter.java:90)
	at org.springframework.security.web.header.HeaderWriterFilter.doFilterInternal(HeaderWriterFilter.java:75)
	at org.springframework.web.filter.OncePerRequestFilter.doFilter(OncePerRequestFilter.java:117)
	at org.springframework.security.web.FilterChainProxy$VirtualFilterChain.doFilter(FilterChainProxy.java:336)
	at org.springframework.security.web.context.SecurityContextPersistenceFilter.doFilter(SecurityContextPersistenceFilter.java:110)
	at org.springframework.security.web.context.SecurityContextPersistenceFilter.doFilter(SecurityContextPersistenceFilter.java:80)
	at org.springframework.security.web.FilterChainProxy$VirtualFilterChain.doFilter(FilterChainProxy.java:336)
	at org.springframework.security.web.context.request.async.WebAsyncManagerIntegrationFilter.doFilterInternal(WebAsyncManagerIntegrationFilter.java:55)
	at org.springframework.web.filter.OncePerRequestFilter.doFilter(OncePerRequestFilter.java:117)
	at org.springframework.security.web.FilterChainProxy$VirtualFilterChain.doFilter(FilterChainProxy.java:336)
	at org.springframework.security.web.FilterChainProxy.doFilterInternal(FilterChainProxy.java:211)
	at org.springframework.security.web.FilterChainProxy.doFilter(FilterChainProxy.java:183)
	at org.springframework.web.filter.DelegatingFilterProxy.invokeDelegate(DelegatingFilterProxy.java:354)
	at org.springframework.web.filter.DelegatingFilterProxy.doFilter(DelegatingFilterProxy.java:267)
	at org.apache.catalina.core.ApplicationFilterChain.internalDoFilter(ApplicationFilterChain.java:189)
	at org.apache.catalina.core.ApplicationFilterChain.doFilter(ApplicationFilterChain.java:162)
	at org.springframework.session.web.http.SessionRepositoryFilter.doFilterInternal(SessionRepositoryFilter.java:142)
	at org.springframework.session.web.http.OncePerRequestFilter.doFilter(OncePerRequestFilter.java:82)
	at org.apache.catalina.core.ApplicationFilterChain.internalDoFilter(ApplicationFilterChain.java:189)
	at org.apache.catalina.core.ApplicationFilterChain.doFilter(ApplicationFilterChain.java:162)
	at org.springframework.web.filter.CharacterEncodingFilter.doFilterInternal(CharacterEncodingFilter.java:201)
	at org.springframework.web.filter.OncePerRequestFilter.doFilter(OncePerRequestFilter.java:117)
	at org.apache.catalina.core.ApplicationFilterChain.internalDoFilter(ApplicationFilterChain.java:189)
	at org.apache.catalina.core.ApplicationFilterChain.doFilter(ApplicationFilterChain.java:162)
	at org.apache.catalina.core.StandardWrapperValve.invoke(StandardWrapperValve.java:197)
	at org.apache.catalina.core.StandardContextValve.invoke(StandardContextValve.java:97)
	at org.apache.catalina.authenticator.AuthenticatorBase.invoke(AuthenticatorBase.java:540)
	at org.apache.catalina.core.StandardHostValve.invoke(StandardHostValve.java:135)
	at org.apache.catalina.valves.ErrorReportValve.invoke(ErrorReportValve.java:92)
	at org.apache.catalina.core.StandardEngineValve.invoke(StandardEngineValve.java:78)
	at org.apache.catalina.connector.CoyoteAdapter.service(CoyoteAdapter.java:357)
	at org.apache.coyote.http11.Http11Processor.service(Http11Processor.java:382)
	at org.apache.coyote.AbstractProcessorLight.process(AbstractProcessorLight.java:65)
	at org.apache.coyote.AbstractProtocol$ConnectionHandler.process(AbstractProtocol.java:895)
	at org.apache.tomcat.util.net.NioEndpoint$SocketProcessor.doRun(NioEndpoint.java:1732)
	at org.apache.tomcat.util.net.SocketProcessorBase.run(SocketProcessorBase.java:49)
	at org.apache.tomcat.util.threads.ThreadPoolExecutor.runWorker(ThreadPoolExecutor.java:1191)
	at org.apache.tomcat.util.threads.ThreadPoolExecutor$Worker.run(ThreadPoolExecutor.java:659)
	at org.apache.tomcat.util.threads.TaskThread$WrappingRunnable.run(TaskThread.java:61)
	at java.base/java.lang.Thread.run(Thread.java:832)
11:10:55.758 DEBUG --- [http-nio-9010-exec-6] c.l.e.mapper.KakaoMapper.findKakao : ==>  Preparing: select * from kakao_user where k_name = ? and k_email = ? 
11:10:55.758 DEBUG --- [http-nio-9010-exec-6] c.l.e.mapper.KakaoMapper.findKakao : ==> Parameters: null, null 
11:10:55.759 DEBUG --- [http-nio-9010-exec-6] c.l.e.mapper.KakaoMapper.findKakao : <==      Total: 0 
11:11:26.633 DEBUG --- [http-nio-9010-exec-8] c.l.e.mapper.KakaoMapper.findKakao : ==>  Preparing: select * from kakao_user where k_name = ? and k_email = ? 
11:11:26.633 DEBUG --- [http-nio-9010-exec-8] c.l.e.mapper.KakaoMapper.findKakao : ==> Parameters: null, null 
11:11:26.634 DEBUG --- [http-nio-9010-exec-8] c.l.e.mapper.KakaoMapper.findKakao : <==      Total: 0 
11:12:08.706 INFO  --- [main] c.l.example.ShoppingmallApplication : Starting ShoppingmallApplication using Java 15.0.1 on DESKTOP-PQ5J03J with PID 19556 (C:\Users\l4-morning\Documents\work10\shoppingmall\bin\main started by l4-morning in C:\Users\l4-morning\Documents\work10\shoppingmall) 
11:12:08.708 DEBUG --- [main] c.l.example.ShoppingmallApplication : Running with Spring Boot v2.6.2, Spring v5.3.14 
11:12:08.708 INFO  --- [main] c.l.example.ShoppingmallApplication : The following profiles are active: local 
11:12:10.067 DEBUG --- [main] c.l.example.config.AuthTokenFilter : Filter 'authenticationJwtTokenFilter' configured for use 
11:12:10.456 INFO  --- [main] c.l.example.ShoppingmallApplication : Started ShoppingmallApplication in 2.078 seconds (JVM running for 2.547) 
11:12:17.159 DEBUG --- [http-nio-9010-exec-1] c.l.e.mapper.KakaoMapper.findKakao : ==>  Preparing: select * from kakao_user where k_name = ? and k_email = ? 
11:12:17.175 DEBUG --- [http-nio-9010-exec-1] c.l.e.mapper.KakaoMapper.findKakao : ==> Parameters: 천은정(String), null 
11:12:17.192 DEBUG --- [http-nio-9010-exec-1] c.l.e.mapper.KakaoMapper.findKakao : <==      Total: 0 
11:12:17.193 DEBUG --- [http-nio-9010-exec-1] c.l.e.m.KakaoMapper.insertKakao : ==>  Preparing: insert into kakao_user (k_name, k_email) values (?, ?) 
11:12:17.193 DEBUG --- [http-nio-9010-exec-1] c.l.e.m.KakaoMapper.insertKakao : ==> Parameters: 천은정(String), null 
11:12:17.196 DEBUG --- [http-nio-9010-exec-1] c.l.e.m.KakaoMapper.insertKakao : <==    Updates: 1 
11:12:17.196 DEBUG --- [http-nio-9010-exec-1] c.l.e.mapper.KakaoMapper.findKakao : ==>  Preparing: select * from kakao_user where k_name = ? and k_email = ? 
11:12:17.196 DEBUG --- [http-nio-9010-exec-1] c.l.e.mapper.KakaoMapper.findKakao : ==> Parameters: 천은정(String), null 
11:12:17.197 DEBUG --- [http-nio-9010-exec-1] c.l.e.mapper.KakaoMapper.findKakao : <==      Total: 0 
11:13:03.121 DEBUG --- [http-nio-9010-exec-3] c.l.e.mapper.KakaoMapper.findKakao : ==>  Preparing: select * from kakao_user where k_name = ? and k_email = ? 
11:13:03.123 DEBUG --- [http-nio-9010-exec-3] c.l.e.mapper.KakaoMapper.findKakao : ==> Parameters: 천은정(String), null 
11:13:03.124 DEBUG --- [http-nio-9010-exec-3] c.l.e.mapper.KakaoMapper.findKakao : <==      Total: 0 
11:13:03.125 DEBUG --- [http-nio-9010-exec-3] c.l.e.m.KakaoMapper.insertKakao : ==>  Preparing: insert into kakao_user (k_name, k_email) values (?, ?) 
11:13:03.126 DEBUG --- [http-nio-9010-exec-3] c.l.e.m.KakaoMapper.insertKakao : ==> Parameters: 천은정(String), null 
11:13:03.138 DEBUG --- [http-nio-9010-exec-3] c.l.e.m.KakaoMapper.insertKakao : <==    Updates: 1 
11:13:03.139 DEBUG --- [http-nio-9010-exec-3] c.l.e.mapper.KakaoMapper.findKakao : ==>  Preparing: select * from kakao_user where k_name = ? and k_email = ? 
11:13:03.140 DEBUG --- [http-nio-9010-exec-3] c.l.e.mapper.KakaoMapper.findKakao : ==> Parameters: 천은정(String), null 
11:13:03.142 DEBUG --- [http-nio-9010-exec-3] c.l.e.mapper.KakaoMapper.findKakao : <==      Total: 0 
11:13:22.418 DEBUG --- [http-nio-9010-exec-4] c.l.e.mapper.KakaoMapper.findKakao : ==>  Preparing: select * from kakao_user where k_name = ? and k_email = ? 
11:13:22.418 DEBUG --- [http-nio-9010-exec-4] c.l.e.mapper.KakaoMapper.findKakao : ==> Parameters: null, null 
11:13:22.419 DEBUG --- [http-nio-9010-exec-4] c.l.e.mapper.KakaoMapper.findKakao : <==      Total: 0 
11:13:48.244 DEBUG --- [http-nio-9010-exec-6] c.l.e.mapper.KakaoMapper.findKakao : ==>  Preparing: select * from kakao_user where k_name = ? and k_email = ? 
11:13:48.244 DEBUG --- [http-nio-9010-exec-6] c.l.e.mapper.KakaoMapper.findKakao : ==> Parameters: 천은정(String), null 
11:13:48.244 DEBUG --- [http-nio-9010-exec-6] c.l.e.mapper.KakaoMapper.findKakao : <==      Total: 0 
11:13:48.245 DEBUG --- [http-nio-9010-exec-6] c.l.e.m.KakaoMapper.insertKakao : ==>  Preparing: insert into kakao_user (k_name, k_email) values (?, ?) 
11:13:48.245 DEBUG --- [http-nio-9010-exec-6] c.l.e.m.KakaoMapper.insertKakao : ==> Parameters: 천은정(String), null 
11:13:48.254 DEBUG --- [http-nio-9010-exec-6] c.l.e.m.KakaoMapper.insertKakao : <==    Updates: 1 
11:13:48.254 DEBUG --- [http-nio-9010-exec-6] c.l.e.mapper.KakaoMapper.findKakao : ==>  Preparing: select * from kakao_user where k_name = ? and k_email = ? 
11:13:48.254 DEBUG --- [http-nio-9010-exec-6] c.l.e.mapper.KakaoMapper.findKakao : ==> Parameters: 천은정(String), null 
11:13:48.255 DEBUG --- [http-nio-9010-exec-6] c.l.e.mapper.KakaoMapper.findKakao : <==      Total: 0 
11:15:09.296 INFO  --- [main] c.l.example.ShoppingmallApplication : Starting ShoppingmallApplication using Java 15.0.1 on DESKTOP-PQ5J03J with PID 18932 (C:\Users\l4-morning\Documents\work10\shoppingmall\bin\main started by l4-morning in C:\Users\l4-morning\Documents\work10\shoppingmall) 
11:15:09.298 DEBUG --- [main] c.l.example.ShoppingmallApplication : Running with Spring Boot v2.6.2, Spring v5.3.14 
11:15:09.298 INFO  --- [main] c.l.example.ShoppingmallApplication : The following profiles are active: local 
11:15:10.639 DEBUG --- [main] c.l.example.config.AuthTokenFilter : Filter 'authenticationJwtTokenFilter' configured for use 
11:15:11.021 INFO  --- [main] c.l.example.ShoppingmallApplication : Started ShoppingmallApplication in 2.044 seconds (JVM running for 2.511) 
11:15:32.031 DEBUG --- [http-nio-9010-exec-2] c.l.e.mapper.KakaoMapper.findKakao : ==>  Preparing: select * from kakao_user where k_name = ? 
11:15:32.048 DEBUG --- [http-nio-9010-exec-2] c.l.e.mapper.KakaoMapper.findKakao : ==> Parameters: 천은정(String) 
11:15:32.064 TRACE --- [http-nio-9010-exec-2] c.l.e.mapper.KakaoMapper.findKakao : <==    Columns: k_number, k_name, k_email 
11:15:32.064 TRACE --- [http-nio-9010-exec-2] c.l.e.mapper.KakaoMapper.findKakao : <==        Row: 8, 천은정, null 
11:15:32.068 TRACE --- [http-nio-9010-exec-2] c.l.e.mapper.KakaoMapper.findKakao : <==        Row: 9, 천은정, null 
11:15:32.069 TRACE --- [http-nio-9010-exec-2] c.l.e.mapper.KakaoMapper.findKakao : <==        Row: 10, 천은정, null 
11:15:32.069 DEBUG --- [http-nio-9010-exec-2] c.l.e.mapper.KakaoMapper.findKakao : <==      Total: 3 
11:15:32.074 ERROR --- [http-nio-9010-exec-2] o.a.c.c.C.[.[.[.[dispatcherServlet] : Servlet.service() for servlet [dispatcherServlet] in context with path [] threw exception [Request processing failed; nested exception is org.mybatis.spring.MyBatisSystemException: nested exception is org.apache.ibatis.exceptions.TooManyResultsException: Expected one result (or null) to be returned by selectOne(), but found: 3] with root cause 
org.apache.ibatis.exceptions.TooManyResultsException: Expected one result (or null) to be returned by selectOne(), but found: 3
	at org.apache.ibatis.session.defaults.DefaultSqlSession.selectOne(DefaultSqlSession.java:80)
	at java.base/jdk.internal.reflect.NativeMethodAccessorImpl.invoke0(Native Method)
	at java.base/jdk.internal.reflect.NativeMethodAccessorImpl.invoke(NativeMethodAccessorImpl.java:64)
	at java.base/jdk.internal.reflect.DelegatingMethodAccessorImpl.invoke(DelegatingMethodAccessorImpl.java:43)
	at java.base/java.lang.reflect.Method.invoke(Method.java:564)
	at org.mybatis.spring.SqlSessionTemplate$SqlSessionInterceptor.invoke(SqlSessionTemplate.java:427)
	at com.sun.proxy.$Proxy72.selectOne(Unknown Source)
	at org.mybatis.spring.SqlSessionTemplate.selectOne(SqlSessionTemplate.java:160)
	at org.apache.ibatis.binding.MapperMethod.execute(MapperMethod.java:87)
	at org.apache.ibatis.binding.MapperProxy$PlainMethodInvoker.invoke(MapperProxy.java:145)
	at org.apache.ibatis.binding.MapperProxy.invoke(MapperProxy.java:86)
	at com.sun.proxy.$Proxy75.findKakao(Unknown Source)
	at com.lcomputerstudy.example.service.KakaoLoginServiceImpl.getUserInfo(KakaoLoginServiceImpl.java:123)
	at com.lcomputerstudy.example.controller.PublicController.kakaoLogin(PublicController.java:33)
	at java.base/jdk.internal.reflect.NativeMethodAccessorImpl.invoke0(Native Method)
	at java.base/jdk.internal.reflect.NativeMethodAccessorImpl.invoke(NativeMethodAccessorImpl.java:64)
	at java.base/jdk.internal.reflect.DelegatingMethodAccessorImpl.invoke(DelegatingMethodAccessorImpl.java:43)
	at java.base/java.lang.reflect.Method.invoke(Method.java:564)
	at org.springframework.web.method.support.InvocableHandlerMethod.doInvoke(InvocableHandlerMethod.java:205)
	at org.springframework.web.method.support.InvocableHandlerMethod.invokeForRequest(InvocableHandlerMethod.java:150)
	at org.springframework.web.servlet.mvc.method.annotation.ServletInvocableHandlerMethod.invokeAndHandle(ServletInvocableHandlerMethod.java:117)
	at org.springframework.web.servlet.mvc.method.annotation.RequestMappingHandlerAdapter.invokeHandlerMethod(RequestMappingHandlerAdapter.java:895)
	at org.springframework.web.servlet.mvc.method.annotation.RequestMappingHandlerAdapter.handleInternal(RequestMappingHandlerAdapter.java:808)
	at org.springframework.web.servlet.mvc.method.AbstractHandlerMethodAdapter.handle(AbstractHandlerMethodAdapter.java:87)
	at org.springframework.web.servlet.DispatcherServlet.doDispatch(DispatcherServlet.java:1067)
	at org.springframework.web.servlet.DispatcherServlet.doService(DispatcherServlet.java:963)
	at org.springframework.web.servlet.FrameworkServlet.processRequest(FrameworkServlet.java:1006)
	at org.springframework.web.servlet.FrameworkServlet.doGet(FrameworkServlet.java:898)
	at javax.servlet.http.HttpServlet.service(HttpServlet.java:655)
	at org.springframework.web.servlet.FrameworkServlet.service(FrameworkServlet.java:883)
	at javax.servlet.http.HttpServlet.service(HttpServlet.java:764)
	at org.apache.catalina.core.ApplicationFilterChain.internalDoFilter(ApplicationFilterChain.java:227)
	at org.apache.catalina.core.ApplicationFilterChain.doFilter(ApplicationFilterChain.java:162)
	at org.apache.tomcat.websocket.server.WsFilter.doFilter(WsFilter.java:53)
	at org.apache.catalina.core.ApplicationFilterChain.internalDoFilter(ApplicationFilterChain.java:189)
	at org.apache.catalina.core.ApplicationFilterChain.doFilter(ApplicationFilterChain.java:162)
	at org.springframework.web.filter.OncePerRequestFilter.doFilter(OncePerRequestFilter.java:111)
	at org.apache.catalina.core.ApplicationFilterChain.internalDoFilter(ApplicationFilterChain.java:189)
	at org.apache.catalina.core.ApplicationFilterChain.doFilter(ApplicationFilterChain.java:162)
	at org.springframework.security.web.FilterChainProxy$VirtualFilterChain.doFilter(FilterChainProxy.java:327)
	at org.springframework.security.web.access.intercept.FilterSecurityInterceptor.invoke(FilterSecurityInterceptor.java:115)
	at org.springframework.security.web.access.intercept.FilterSecurityInterceptor.doFilter(FilterSecurityInterceptor.java:81)
	at org.springframework.security.web.FilterChainProxy$VirtualFilterChain.doFilter(FilterChainProxy.java:336)
	at org.springframework.security.web.access.ExceptionTranslationFilter.doFilter(ExceptionTranslationFilter.java:122)
	at org.springframework.security.web.access.ExceptionTranslationFilter.doFilter(ExceptionTranslationFilter.java:116)
	at org.springframework.security.web.FilterChainProxy$VirtualFilterChain.doFilter(FilterChainProxy.java:336)
	at org.springframework.security.web.session.SessionManagementFilter.doFilter(SessionManagementFilter.java:126)
	at org.springframework.security.web.session.SessionManagementFilter.doFilter(SessionManagementFilter.java:81)
	at org.springframework.security.web.FilterChainProxy$VirtualFilterChain.doFilter(FilterChainProxy.java:336)
	at org.springframework.security.web.authentication.AnonymousAuthenticationFilter.doFilter(AnonymousAuthenticationFilter.java:109)
	at org.springframework.security.web.FilterChainProxy$VirtualFilterChain.doFilter(FilterChainProxy.java:336)
	at org.springframework.security.web.servletapi.SecurityContextHolderAwareRequestFilter.doFilter(SecurityContextHolderAwareRequestFilter.java:149)
	at org.springframework.security.web.FilterChainProxy$VirtualFilterChain.doFilter(FilterChainProxy.java:336)
	at org.springframework.security.web.savedrequest.RequestCacheAwareFilter.doFilter(RequestCacheAwareFilter.java:63)
	at org.springframework.security.web.FilterChainProxy$VirtualFilterChain.doFilter(FilterChainProxy.java:336)
	at com.lcomputerstudy.example.config.AuthTokenFilter.doFilterInternal(AuthTokenFilter.java:65)
	at org.springframework.web.filter.OncePerRequestFilter.doFilter(OncePerRequestFilter.java:117)
	at org.springframework.security.web.FilterChainProxy$VirtualFilterChain.doFilter(FilterChainProxy.java:336)
	at org.springframework.security.web.authentication.logout.LogoutFilter.doFilter(LogoutFilter.java:103)
	at org.springframework.security.web.authentication.logout.LogoutFilter.doFilter(LogoutFilter.java:89)
	at org.springframework.security.web.FilterChainProxy$VirtualFilterChain.doFilter(FilterChainProxy.java:336)
	at org.springframework.web.filter.CorsFilter.doFilterInternal(CorsFilter.java:91)
	at org.springframework.web.filter.OncePerRequestFilter.doFilter(OncePerRequestFilter.java:117)
	at org.springframework.security.web.FilterChainProxy$VirtualFilterChain.doFilter(FilterChainProxy.java:336)
	at org.springframework.security.web.header.HeaderWriterFilter.doHeadersAfter(HeaderWriterFilter.java:90)
	at org.springframework.security.web.header.HeaderWriterFilter.doFilterInternal(HeaderWriterFilter.java:75)
	at org.springframework.web.filter.OncePerRequestFilter.doFilter(OncePerRequestFilter.java:117)
	at org.springframework.security.web.FilterChainProxy$VirtualFilterChain.doFilter(FilterChainProxy.java:336)
	at org.springframework.security.web.context.SecurityContextPersistenceFilter.doFilter(SecurityContextPersistenceFilter.java:110)
	at org.springframework.security.web.context.SecurityContextPersistenceFilter.doFilter(SecurityContextPersistenceFilter.java:80)
	at org.springframework.security.web.FilterChainProxy$VirtualFilterChain.doFilter(FilterChainProxy.java:336)
	at org.springframework.security.web.context.request.async.WebAsyncManagerIntegrationFilter.doFilterInternal(WebAsyncManagerIntegrationFilter.java:55)
	at org.springframework.web.filter.OncePerRequestFilter.doFilter(OncePerRequestFilter.java:117)
	at org.springframework.security.web.FilterChainProxy$VirtualFilterChain.doFilter(FilterChainProxy.java:336)
	at org.springframework.security.web.FilterChainProxy.doFilterInternal(FilterChainProxy.java:211)
	at org.springframework.security.web.FilterChainProxy.doFilter(FilterChainProxy.java:183)
	at org.springframework.web.filter.DelegatingFilterProxy.invokeDelegate(DelegatingFilterProxy.java:354)
	at org.springframework.web.filter.DelegatingFilterProxy.doFilter(DelegatingFilterProxy.java:267)
	at org.apache.catalina.core.ApplicationFilterChain.internalDoFilter(ApplicationFilterChain.java:189)
	at org.apache.catalina.core.ApplicationFilterChain.doFilter(ApplicationFilterChain.java:162)
	at org.springframework.session.web.http.SessionRepositoryFilter.doFilterInternal(SessionRepositoryFilter.java:142)
	at org.springframework.session.web.http.OncePerRequestFilter.doFilter(OncePerRequestFilter.java:82)
	at org.apache.catalina.core.ApplicationFilterChain.internalDoFilter(ApplicationFilterChain.java:189)
	at org.apache.catalina.core.ApplicationFilterChain.doFilter(ApplicationFilterChain.java:162)
	at org.springframework.web.filter.CharacterEncodingFilter.doFilterInternal(CharacterEncodingFilter.java:201)
	at org.springframework.web.filter.OncePerRequestFilter.doFilter(OncePerRequestFilter.java:117)
	at org.apache.catalina.core.ApplicationFilterChain.internalDoFilter(ApplicationFilterChain.java:189)
	at org.apache.catalina.core.ApplicationFilterChain.doFilter(ApplicationFilterChain.java:162)
	at org.apache.catalina.core.StandardWrapperValve.invoke(StandardWrapperValve.java:197)
	at org.apache.catalina.core.StandardContextValve.invoke(StandardContextValve.java:97)
	at org.apache.catalina.authenticator.AuthenticatorBase.invoke(AuthenticatorBase.java:540)
	at org.apache.catalina.core.StandardHostValve.invoke(StandardHostValve.java:135)
	at org.apache.catalina.valves.ErrorReportValve.invoke(ErrorReportValve.java:92)
	at org.apache.catalina.core.StandardEngineValve.invoke(StandardEngineValve.java:78)
	at org.apache.catalina.connector.CoyoteAdapter.service(CoyoteAdapter.java:357)
	at org.apache.coyote.http11.Http11Processor.service(Http11Processor.java:382)
	at org.apache.coyote.AbstractProcessorLight.process(AbstractProcessorLight.java:65)
	at org.apache.coyote.AbstractProtocol$ConnectionHandler.process(AbstractProtocol.java:895)
	at org.apache.tomcat.util.net.NioEndpoint$SocketProcessor.doRun(NioEndpoint.java:1732)
	at org.apache.tomcat.util.net.SocketProcessorBase.run(SocketProcessorBase.java:49)
	at org.apache.tomcat.util.threads.ThreadPoolExecutor.runWorker(ThreadPoolExecutor.java:1191)
	at org.apache.tomcat.util.threads.ThreadPoolExecutor$Worker.run(ThreadPoolExecutor.java:659)
	at org.apache.tomcat.util.threads.TaskThread$WrappingRunnable.run(TaskThread.java:61)
	at java.base/java.lang.Thread.run(Thread.java:832)
11:15:55.953 DEBUG --- [http-nio-9010-exec-3] c.l.e.mapper.KakaoMapper.findKakao : ==>  Preparing: select * from kakao_user where k_name = ? 
11:15:55.954 DEBUG --- [http-nio-9010-exec-3] c.l.e.mapper.KakaoMapper.findKakao : ==> Parameters: 천은정(String) 
11:15:55.954 TRACE --- [http-nio-9010-exec-3] c.l.e.mapper.KakaoMapper.findKakao : <==    Columns: k_number, k_name, k_email 
11:15:55.954 TRACE --- [http-nio-9010-exec-3] c.l.e.mapper.KakaoMapper.findKakao : <==        Row: 8, 천은정, null 
11:15:55.954 DEBUG --- [http-nio-9010-exec-3] c.l.e.mapper.KakaoMapper.findKakao : <==      Total: 1 
11:20:40.482 INFO  --- [main] c.l.example.ShoppingmallApplication : Starting ShoppingmallApplication using Java 15.0.1 on DESKTOP-PQ5J03J with PID 12212 (C:\Users\l4-morning\Documents\work10\shoppingmall\bin\main started by l4-morning in C:\Users\l4-morning\Documents\work10\shoppingmall) 
11:20:40.484 DEBUG --- [main] c.l.example.ShoppingmallApplication : Running with Spring Boot v2.6.2, Spring v5.3.14 
11:20:40.484 INFO  --- [main] c.l.example.ShoppingmallApplication : The following profiles are active: local 
11:20:41.828 DEBUG --- [main] c.l.example.config.AuthTokenFilter : Filter 'authenticationJwtTokenFilter' configured for use 
11:20:42.216 INFO  --- [main] c.l.example.ShoppingmallApplication : Started ShoppingmallApplication in 2.061 seconds (JVM running for 2.537) 
11:21:55.819 DEBUG --- [http-nio-9010-exec-1] c.l.e.mapper.KakaoMapper.findKakao : ==>  Preparing: select * from kakao_user where k_name = ? and k_email = ? 
11:21:55.828 DEBUG --- [http-nio-9010-exec-1] c.l.e.mapper.KakaoMapper.findKakao : ==> Parameters: 천은정(String), cjsdmswjd010@naver.com(String) 
11:21:55.844 DEBUG --- [http-nio-9010-exec-1] c.l.e.mapper.KakaoMapper.findKakao : <==      Total: 0 
11:21:55.844 DEBUG --- [http-nio-9010-exec-1] c.l.e.m.KakaoMapper.insertKakao : ==>  Preparing: insert into kakao_user (k_name, k_email) values (?, ?) 
11:21:55.845 DEBUG --- [http-nio-9010-exec-1] c.l.e.m.KakaoMapper.insertKakao : ==> Parameters: 천은정(String), cjsdmswjd010@naver.com(String) 
11:21:55.853 DEBUG --- [http-nio-9010-exec-1] c.l.e.m.KakaoMapper.insertKakao : <==    Updates: 1 
11:21:55.853 DEBUG --- [http-nio-9010-exec-1] c.l.e.mapper.KakaoMapper.findKakao : ==>  Preparing: select * from kakao_user where k_name = ? and k_email = ? 
11:21:55.853 DEBUG --- [http-nio-9010-exec-1] c.l.e.mapper.KakaoMapper.findKakao : ==> Parameters: 천은정(String), cjsdmswjd010@naver.com(String) 
11:21:55.854 TRACE --- [http-nio-9010-exec-1] c.l.e.mapper.KakaoMapper.findKakao : <==    Columns: k_number, k_name, k_email 
11:21:55.854 TRACE --- [http-nio-9010-exec-1] c.l.e.mapper.KakaoMapper.findKakao : <==        Row: 11, 천은정, cjsdmswjd010@naver.com 
11:21:55.858 DEBUG --- [http-nio-9010-exec-1] c.l.e.mapper.KakaoMapper.findKakao : <==      Total: 1 
