10:22:39.055 INFO  --- [main] c.l.example.ShoppingmallApplication : Starting ShoppingmallApplication using Java 15.0.1 on DESKTOP-PQ5J03J with PID 6480 (C:\Users\l4-morning\Documents\work10\shoppingmall\bin\main started by l4-morning in C:\Users\l4-morning\Documents\work10\shoppingmall) 
10:22:39.058 DEBUG --- [main] c.l.example.ShoppingmallApplication : Running with Spring Boot v2.6.2, Spring v5.3.14 
10:22:39.059 INFO  --- [main] c.l.example.ShoppingmallApplication : The following profiles are active: local 
10:22:40.799 DEBUG --- [main] c.l.example.config.AuthTokenFilter : Filter 'authenticationJwtTokenFilter' configured for use 
10:22:41.626 INFO  --- [main] c.l.example.ShoppingmallApplication : Started ShoppingmallApplication in 2.916 seconds (JVM running for 3.499) 
10:25:15.648 INFO  --- [main] c.l.example.ShoppingmallApplication : Starting ShoppingmallApplication using Java 15.0.1 on DESKTOP-PQ5J03J with PID 12316 (C:\Users\l4-morning\Documents\work10\shoppingmall\bin\main started by l4-morning in C:\Users\l4-morning\Documents\work10\shoppingmall) 
10:25:15.650 DEBUG --- [main] c.l.example.ShoppingmallApplication : Running with Spring Boot v2.6.2, Spring v5.3.14 
10:25:15.650 INFO  --- [main] c.l.example.ShoppingmallApplication : The following profiles are active: local 
10:25:17.270 DEBUG --- [main] c.l.example.config.AuthTokenFilter : Filter 'authenticationJwtTokenFilter' configured for use 
10:25:18.030 INFO  --- [main] c.l.example.ShoppingmallApplication : Started ShoppingmallApplication in 2.713 seconds (JVM running for 3.232) 
10:27:10.520 INFO  --- [main] c.l.example.ShoppingmallApplication : Starting ShoppingmallApplication using Java 15.0.1 on DESKTOP-PQ5J03J with PID 13380 (C:\Users\l4-morning\Documents\work10\shoppingmall\bin\main started by l4-morning in C:\Users\l4-morning\Documents\work10\shoppingmall) 
10:27:10.522 DEBUG --- [main] c.l.example.ShoppingmallApplication : Running with Spring Boot v2.6.2, Spring v5.3.14 
10:27:10.522 INFO  --- [main] c.l.example.ShoppingmallApplication : The following profiles are active: local 
10:27:12.204 DEBUG --- [main] c.l.example.config.AuthTokenFilter : Filter 'authenticationJwtTokenFilter' configured for use 
10:27:12.981 INFO  --- [main] c.l.example.ShoppingmallApplication : Started ShoppingmallApplication in 2.798 seconds (JVM running for 3.32) 
10:29:26.384 INFO  --- [main] c.l.example.ShoppingmallApplication : Starting ShoppingmallApplication using Java 15.0.1 on DESKTOP-PQ5J03J with PID 13808 (C:\Users\l4-morning\Documents\work10\shoppingmall\bin\main started by l4-morning in C:\Users\l4-morning\Documents\work10\shoppingmall) 
10:29:26.386 DEBUG --- [main] c.l.example.ShoppingmallApplication : Running with Spring Boot v2.6.2, Spring v5.3.14 
10:29:26.386 INFO  --- [main] c.l.example.ShoppingmallApplication : The following profiles are active: local 
10:29:28.045 DEBUG --- [main] c.l.example.config.AuthTokenFilter : Filter 'authenticationJwtTokenFilter' configured for use 
10:29:28.824 INFO  --- [main] c.l.example.ShoppingmallApplication : Started ShoppingmallApplication in 2.774 seconds (JVM running for 3.294) 
